0 info it worked if it ends with ok
1 verbose cli [ '/usr/local/bin/node', '/usr/local/bin/npm', 'run', 'dev' ]
2 info using npm@3.10.9
3 info using node@v6.2.2
4 verbose run-script [ 'predev', 'dev', 'postdev' ]
5 info lifecycle nodetest@1.0.0~predev: nodetest@1.0.0
6 silly lifecycle nodetest@1.0.0~predev: no script for predev, continuing
7 info lifecycle nodetest@1.0.0~dev: nodetest@1.0.0
8 verbose lifecycle nodetest@1.0.0~dev: unsafe-perm in lifecycle true
9 verbose lifecycle nodetest@1.0.0~dev: PATH: /usr/local/lib/node_modules/npm/bin/node-gyp-bin:/home/brennan/_repos/nodetest/node_modules/.bin:/home/brennan/.rbenv/shims:/home/brennan/.rbenv/bin:/usr/local/heroku/bin:/usr/local/sbin:/usr/local/bin:/usr/sbin:/usr/bin:/sbin:/bin:/usr/games:/usr/local/games:/home/brennan/.rvm/bin:/home/brennan/.rvm/bin
10 verbose lifecycle nodetest@1.0.0~dev: CWD: /home/brennan/_repos/nodetest
11 silly lifecycle nodetest@1.0.0~dev: Args: [ '-c', 'nodemon server.js' ]
12 silly lifecycle nodetest@1.0.0~dev: Returned: code: 1  signal: null
13 info lifecycle nodetest@1.0.0~dev: Failed to exec dev script
14 verbose stack Error: nodetest@1.0.0 dev: `nodemon server.js`
14 verbose stack Exit status 1
14 verbose stack     at EventEmitter.<anonymous> (/usr/local/lib/node_modules/npm/lib/utils/lifecycle.js:255:16)
14 verbose stack     at emitTwo (events.js:106:13)
14 verbose stack     at EventEmitter.emit (events.js:191:7)
14 verbose stack     at ChildProcess.<anonymous> (/usr/local/lib/node_modules/npm/lib/utils/spawn.js:40:14)
14 verbose stack     at emitTwo (events.js:106:13)
14 verbose stack     at ChildProcess.emit (events.js:191:7)
14 verbose stack     at maybeClose (internal/child_process.js:852:16)
14 verbose stack     at Process.ChildProcess._handle.onexit (internal/child_process.js:215:5)
15 verbose pkgid nodetest@1.0.0
16 verbose cwd /home/brennan/_repos/nodetest
17 error Linux 4.4.0-59-generic
18 error argv "/usr/local/bin/node" "/usr/local/bin/npm" "run" "dev"
19 error node v6.2.2
20 error npm  v3.10.9
21 error code ELIFECYCLE
22 error nodetest@1.0.0 dev: `nodemon server.js`
22 error Exit status 1
23 error Failed at the nodetest@1.0.0 dev script 'nodemon server.js'.
23 error Make sure you have the latest version of node.js and npm installed.
23 error If you do, this is most likely a problem with the nodetest package,
23 error not with npm itself.
23 error Tell the author that this fails on your system:
23 error     nodemon server.js
23 error You can get information on how to open an issue for this project with:
23 error     npm bugs nodetest
23 error Or if that isn't available, you can get their info via:
23 error     npm owner ls nodetest
23 error There is likely additional logging output above.
24 verbose exit [ 1, true ]
